Warnings in file C:\Users\sqiya\OneDrive\Documents\GitHub\1DFlashQuantumTunneling\theflash\source\game_CU.luc:
    Line 5, Column 4 : "slow_counter" was never used
    Line 4, Column 4 : "fast_counter" was never used
Warnings in file C:\Users\sqiya\OneDrive\Documents\GitHub\1DFlashQuantumTunneling\theflash\source\au_top.luc:
    Line 12, Column 4 : "io_dip" was never used
Starting Vivado...

****** Vivado v2020.1 (64-bit)
  **** SW Build 2902540 on Wed May 27 19:54:49 MDT 2020
  **** IP Build 2902112 on Wed May 27 22:43:36 MDT 2020
    ** Copyright 1986-2020 Xilinx, Inc. All Rights Reserved.

source {C:\Users\sqiya\OneDrive\Documents\GitHub\1DFlashQuantumTunneling\theflash\work\project.tcl}
# set projDir "C:/Users/sqiya/OneDrive/Documents/GitHub/1DFlashQuantumTunneling/theflash/work/vivado"
# set projName "theflash"
# set topName top
# set device xc7a35tftg256-1
# if {[file exists "$projDir/$projName"]} { file delete -force "$projDir/$projName" }
# create_project $projName "$projDir/$projName" -part $device
INFO: [ProjectBase 1-489] The host OS only allows 260 characters in a normal path. The project is stored in a path with more than 80 characters. If you experience issues with IP, Block Designs, or files not being found, please consider moving the project to a location with a shorter path. Alternately consider using the OS subst command to map part of the path to a drive letter.
Current project path is 'C:/Users/sqiya/OneDrive/Documents/GitHub/1DFlashQuantumTunneling/theflash/work/vivado/theflash'
# set_property design_mode RTL [get_filesets sources_1]
# set verilogSources [list "C:/Users/sqiya/OneDrive/Documents/GitHub/1DFlashQuantumTunneling/theflash/work/verilog/au_top_0.v" "C:/Users/sqiya/OneDrive/Documents/GitHub/1DFlashQuantumTunneling/theflash/work/verilog/reset_conditioner_1.v" "C:/Users/sqiya/OneDrive/Documents/GitHub/1DFlashQuantumTunneling/theflash/work/verilog/edge_detector_2.v" "C:/Users/sqiya/OneDrive/Documents/GitHub/1DFlashQuantumTunneling/theflash/work/verilog/button_conditioner_3.v" "C:/Users/sqiya/OneDrive/Documents/GitHub/1DFlashQuantumTunneling/theflash/work/verilog/game_customBeta_4.v" "C:/Users/sqiya/OneDrive/Documents/GitHub/1DFlashQuantumTunneling/theflash/work/verilog/multi_seven_seg_5.v" "C:/Users/sqiya/OneDrive/Documents/GitHub/1DFlashQuantumTunneling/theflash/work/verilog/converter_6.v" "C:/Users/sqiya/OneDrive/Documents/GitHub/1DFlashQuantumTunneling/theflash/work/verilog/pipeline_7.v" "C:/Users/sqiya/OneDrive/Documents/GitHub/1DFlashQuantumTunneling/theflash/work/verilog/alu_16_bit_8.v" "C:/Users/sqiya/OneDrive/Documents/GitHub/1DFlashQuantumTunneling/theflash/work/verilog/game_CU_9.v" "C:/Users/sqiya/OneDrive/Documents/GitHub/1DFlashQuantumTunneling/theflash/work/verilog/game_miniRegfiles_10.v" "C:/Users/sqiya/OneDrive/Documents/GitHub/1DFlashQuantumTunneling/theflash/work/verilog/counter_11.v" "C:/Users/sqiya/OneDrive/Documents/GitHub/1DFlashQuantumTunneling/theflash/work/verilog/counter_12.v" "C:/Users/sqiya/OneDrive/Documents/GitHub/1DFlashQuantumTunneling/theflash/work/verilog/counter_13.v" "C:/Users/sqiya/OneDrive/Documents/GitHub/1DFlashQuantumTunneling/theflash/work/verilog/seven_seg_14.v" "C:/Users/sqiya/OneDrive/Documents/GitHub/1DFlashQuantumTunneling/theflash/work/verilog/decoder_15.v" "C:/Users/sqiya/OneDrive/Documents/GitHub/1DFlashQuantumTunneling/theflash/work/verilog/alu_arithmetic_16.v" "C:/Users/sqiya/OneDrive/Documents/GitHub/1DFlashQuantumTunneling/theflash/work/verilog/alu_boolean_17.v" "C:/Users/sqiya/OneDrive/Documents/GitHub/1DFlashQuantumTunneling/theflash/work/verilog/alu_compare_18.v" "C:/Users/sqiya/OneDrive/Documents/GitHub/1DFlashQuantumTunneling/theflash/work/verilog/alu_shifter_19.v" ]
# import_files -fileset [get_filesets sources_1] -force -norecurse $verilogSources
# set xdcSources [list "C:/Users/sqiya/OneDrive/Documents/GitHub/1DFlashQuantumTunneling/theflash/work/constraint/alchitry.xdc" "C:/Users/sqiya/OneDrive/Documents/GitHub/1DFlashQuantumTunneling/theflash/work/constraint/io.xdc" "C:/Program\ Files/Alchitry/Alchitry\ Labs/library/components/au.xdc" ]
# read_xdc $xdcSources
# set_property STEPS.WRITE_BITSTREAM.ARGS.BIN_FILE true [get_runs impl_1]
# update_compile_order -fileset sources_1
# launch_runs -runs synth_1 -jobs 8

[Tue Nov 17 22:55:23 2020] Launched synth_1...
Run output will be captured here: C:/Users/sqiya/OneDrive/Documents/GitHub/1DFlashQuantumTunneling/theflash/work/vivado/theflash/theflash.runs/synth_1/runme.log
# wait_on_run synth_1
[Tue Nov 17 22:55:23 2020] Waiting for synth_1 to finish...

*** Running vivado
    with args -log au_top_0.vds -m64 -product Vivado -mode batch -messageDb vivado.pb -notrace -source au_top_0.tcl



****** Vivado v2020.1 (64-bit)
  **** SW Build 2902540 on Wed May 27 19:54:49 MDT 2020
  **** IP Build 2902112 on Wed May 27 22:43:36 MDT 2020
    ** Copyright 1986-2020 Xilinx, Inc. All Rights Reserved.

source au_top_0.tcl -notrace
Command: synth_design -top au_top_0 -part xc7a35tftg256-1
Starting synth_design
Attempting to get a license for feature 'Synthesis' and/or device 'xc7a35t'
INFO: [Common 17-349] Got license for feature 'Synthesis' and/or device 'xc7a35t'
INFO: [Device 21-403] Loading part xc7a35tftg256-1
INFO: [Synth 8-7079] Multithreading enabled for synth_design using a maximum of 2 processes.
INFO: [Synth 8-7078] Launching helper process for spawning children vivado processes
INFO: [Synth 8-7075] Helper process launched with PID 24652
---------------------------------------------------------------------------------
Starting RTL Elaboration : Time (s): cpu = 00:00:06 ; elapsed = 00:00:06 . Memory (MB): peak = 1017.031 ; gain = 0.000
---------------------------------------------------------------------------------
INFO: [Synth 8-6157] synthesizing module 'au_top_0' [C:/Users/sqiya/OneDrive/Documents/GitHub/1DFlashQuantumTunneling/theflash/work/vivado/theflash/theflash.srcs/sources_1/imports/verilog/au_top_0.v:7]
INFO: [Synth 8-6157] synthesizing module 'reset_conditioner_1' [C:/Users/sqiya/OneDrive/Documents/GitHub/1DFlashQuantumTunneling/theflash/work/vivado/theflash/theflash.srcs/sources_1/imports/verilog/reset_conditioner_1.v:11]
	Parameter STAGES bound to: 3'b100 
INFO: [Synth 8-6155] done synthesizing module 'reset_conditioner_1' (1#1) [C:/Users/sqiya/OneDrive/Documents/GitHub/1DFlashQuantumTunneling/theflash/work/vivado/theflash/theflash.srcs/sources_1/imports/verilog/reset_conditioner_1.v:11]
INFO: [Synth 8-6157] synthesizing module 'edge_detector_2' [C:/Users/sqiya/OneDrive/Documents/GitHub/1DFlashQuantumTunneling/theflash/work/vivado/theflash/theflash.srcs/sources_1/imports/verilog/edge_detector_2.v:12]
	Parameter RISE bound to: 1'b1 
	Parameter FALL bound to: 1'b0 
INFO: [Synth 8-6155] done synthesizing module 'edge_detector_2' (2#1) [C:/Users/sqiya/OneDrive/Documents/GitHub/1DFlashQuantumTunneling/theflash/work/vivado/theflash/theflash.srcs/sources_1/imports/verilog/edge_detector_2.v:12]
INFO: [Synth 8-6157] synthesizing module 'button_conditioner_3' [C:/Users/sqiya/OneDrive/Documents/GitHub/1DFlashQuantumTunneling/theflash/work/vivado/theflash/theflash.srcs/sources_1/imports/verilog/button_conditioner_3.v:13]
	Parameter CLK_FREQ bound to: 26'b10111110101111000010000000 
	Parameter MIN_DELAY bound to: 5'b10100 
	Parameter NUM_SYNC bound to: 2'b10 
INFO: [Synth 8-6157] synthesizing module 'pipeline_7' [C:/Users/sqiya/OneDrive/Documents/GitHub/1DFlashQuantumTunneling/theflash/work/vivado/theflash/theflash.srcs/sources_1/imports/verilog/pipeline_7.v:11]
	Parameter DEPTH bound to: 2'b10 
INFO: [Synth 8-6155] done synthesizing module 'pipeline_7' (3#1) [C:/Users/sqiya/OneDrive/Documents/GitHub/1DFlashQuantumTunneling/theflash/work/vivado/theflash/theflash.srcs/sources_1/imports/verilog/pipeline_7.v:11]
INFO: [Synth 8-6155] done synthesizing module 'button_conditioner_3' (4#1) [C:/Users/sqiya/OneDrive/Documents/GitHub/1DFlashQuantumTunneling/theflash/work/vivado/theflash/theflash.srcs/sources_1/imports/verilog/button_conditioner_3.v:13]
INFO: [Synth 8-6157] synthesizing module 'game_customBeta_4' [C:/Users/sqiya/OneDrive/Documents/GitHub/1DFlashQuantumTunneling/theflash/work/vivado/theflash/theflash.srcs/sources_1/imports/verilog/game_customBeta_4.v:7]
INFO: [Synth 8-6157] synthesizing module 'alu_16_bit_8' [C:/Users/sqiya/OneDrive/Documents/GitHub/1DFlashQuantumTunneling/theflash/work/vivado/theflash/theflash.srcs/sources_1/imports/verilog/alu_16_bit_8.v:7]
INFO: [Synth 8-6157] synthesizing module 'alu_arithmetic_16' [C:/Users/sqiya/OneDrive/Documents/GitHub/1DFlashQuantumTunneling/theflash/work/vivado/theflash/theflash.srcs/sources_1/imports/verilog/alu_arithmetic_16.v:7]
INFO: [Synth 8-6155] done synthesizing module 'alu_arithmetic_16' (5#1) [C:/Users/sqiya/OneDrive/Documents/GitHub/1DFlashQuantumTunneling/theflash/work/vivado/theflash/theflash.srcs/sources_1/imports/verilog/alu_arithmetic_16.v:7]
INFO: [Synth 8-6157] synthesizing module 'alu_boolean_17' [C:/Users/sqiya/OneDrive/Documents/GitHub/1DFlashQuantumTunneling/theflash/work/vivado/theflash/theflash.srcs/sources_1/imports/verilog/alu_boolean_17.v:7]
INFO: [Synth 8-6155] done synthesizing module 'alu_boolean_17' (6#1) [C:/Users/sqiya/OneDrive/Documents/GitHub/1DFlashQuantumTunneling/theflash/work/vivado/theflash/theflash.srcs/sources_1/imports/verilog/alu_boolean_17.v:7]
INFO: [Synth 8-6157] synthesizing module 'alu_compare_18' [C:/Users/sqiya/OneDrive/Documents/GitHub/1DFlashQuantumTunneling/theflash/work/vivado/theflash/theflash.srcs/sources_1/imports/verilog/alu_compare_18.v:7]
INFO: [Synth 8-6155] done synthesizing module 'alu_compare_18' (7#1) [C:/Users/sqiya/OneDrive/Documents/GitHub/1DFlashQuantumTunneling/theflash/work/vivado/theflash/theflash.srcs/sources_1/imports/verilog/alu_compare_18.v:7]
INFO: [Synth 8-6157] synthesizing module 'alu_shifter_19' [C:/Users/sqiya/OneDrive/Documents/GitHub/1DFlashQuantumTunneling/theflash/work/vivado/theflash/theflash.srcs/sources_1/imports/verilog/alu_shifter_19.v:7]
INFO: [Synth 8-6155] done synthesizing module 'alu_shifter_19' (8#1) [C:/Users/sqiya/OneDrive/Documents/GitHub/1DFlashQuantumTunneling/theflash/work/vivado/theflash/theflash.srcs/sources_1/imports/verilog/alu_shifter_19.v:7]
INFO: [Synth 8-226] default block is never used [C:/Users/sqiya/OneDrive/Documents/GitHub/1DFlashQuantumTunneling/theflash/work/vivado/theflash/theflash.srcs/sources_1/imports/verilog/alu_16_bit_8.v:92]
INFO: [Synth 8-6155] done synthesizing module 'alu_16_bit_8' (9#1) [C:/Users/sqiya/OneDrive/Documents/GitHub/1DFlashQuantumTunneling/theflash/work/vivado/theflash/theflash.srcs/sources_1/imports/verilog/alu_16_bit_8.v:7]
INFO: [Synth 8-6157] synthesizing module 'game_CU_9' [C:/Users/sqiya/OneDrive/Documents/GitHub/1DFlashQuantumTunneling/theflash/work/vivado/theflash/theflash.srcs/sources_1/imports/verilog/game_CU_9.v:7]
	Parameter IDLE_game_fsm bound to: 7'b0000000 
	Parameter CHECK_PP_game_fsm bound to: 7'b0000001 
	Parameter PP_PLUS_game_fsm bound to: 7'b0000010 
	Parameter PP_MINUS_game_fsm bound to: 7'b0000011 
	Parameter BRANCH_PP_game_fsm bound to: 7'b0000100 
	Parameter CHECKPP_EQ_E1_game_fsm bound to: 7'b0000101 
	Parameter CHECKPP_EQ_E2_game_fsm bound to: 7'b0000110 
	Parameter CHECKPP_EQ_E3_game_fsm bound to: 7'b0000111 
	Parameter CHECKPP_EQ_E4_game_fsm bound to: 7'b0001000 
	Parameter CHECKPP_EQ_E5_game_fsm bound to: 7'b0001001 
	Parameter CHECKPP_EQ_E6_game_fsm bound to: 7'b0001010 
	Parameter CHECKPP_EQ_E7_game_fsm bound to: 7'b0001011 
	Parameter CHECKPP_EQ_E8_game_fsm bound to: 7'b0001100 
	Parameter CHECKPP_EQ_E9_game_fsm bound to: 7'b0001101 
	Parameter CHECKPP_EQ_E10_game_fsm bound to: 7'b0001110 
	Parameter CHECKPP_EQ_E11_game_fsm bound to: 7'b0001111 
	Parameter CHECKPP_EQ_E12_game_fsm bound to: 7'b0010000 
	Parameter CHECKPP_EQ_E13_game_fsm bound to: 7'b0010001 
	Parameter CHECKPP_EQ_E14_game_fsm bound to: 7'b0010010 
	Parameter CHECKPP_EQ_E15_game_fsm bound to: 7'b0010011 
	Parameter CHECKPP_EQ_E16_game_fsm bound to: 7'b0010100 
	Parameter BRANCH_PP_EQ_E1_game_fsm bound to: 7'b0010101 
	Parameter BRANCH_PP_EQ_E2_game_fsm bound to: 7'b0010110 
	Parameter BRANCH_PP_EQ_E3_game_fsm bound to: 7'b0010111 
	Parameter BRANCH_PP_EQ_E4_game_fsm bound to: 7'b0011000 
	Parameter BRANCH_PP_EQ_E5_game_fsm bound to: 7'b0011001 
	Parameter BRANCH_PP_EQ_E6_game_fsm bound to: 7'b0011010 
	Parameter BRANCH_PP_EQ_E7_game_fsm bound to: 7'b0011011 
	Parameter BRANCH_PP_EQ_E8_game_fsm bound to: 7'b0011100 
	Parameter BRANCH_PP_EQ_E9_game_fsm bound to: 7'b0011101 
	Parameter BRANCH_PP_EQ_E10_game_fsm bound to: 7'b0011110 
	Parameter BRANCH_PP_EQ_E11_game_fsm bound to: 7'b0011111 
	Parameter BRANCH_PP_EQ_E12_game_fsm bound to: 7'b0100000 
	Parameter BRANCH_PP_EQ_E13_game_fsm bound to: 7'b0100001 
	Parameter BRANCH_PP_EQ_E14_game_fsm bound to: 7'b0100010 
	Parameter BRANCH_PP_EQ_E15_game_fsm bound to: 7'b0100011 
	Parameter BRANCH_PP_EQ_E16_game_fsm bound to: 7'b0100100 
	Parameter CHECK_END_REACHED_game_fsm bound to: 7'b0100101 
	Parameter BRANCH_END_REACHED_game_fsm bound to: 7'b0100110 
	Parameter CHECK_NEXTLVL_EXISTS_game_fsm bound to: 7'b0100111 
	Parameter BRANCH_NEXT_LVL_EXISTS_game_fsm bound to: 7'b0101000 
	Parameter WIN_game_fsm bound to: 7'b0101001 
	Parameter CURRENT_LVL_PLUS_game_fsm bound to: 7'b0101010 
	Parameter NEXT_LVL_PP_game_fsm bound to: 7'b0101011 
	Parameter RESET_PP_game_fsm bound to: 7'b0101100 
	Parameter RESET_STOP_GAME_game_fsm bound to: 7'b0101101 
	Parameter RESET_FAST_COUNTER_game_fsm bound to: 7'b0101110 
	Parameter RESET_SLOW_COUNTER_game_fsm bound to: 7'b0101111 
	Parameter RESET_LIVES_game_fsm bound to: 7'b0110000 
	Parameter RESET_LVL_game_fsm bound to: 7'b0110001 
	Parameter CHECK_STOP_GAME_game_fsm bound to: 7'b0110010 
	Parameter BRANCH_STOP_GAME_game_fsm bound to: 7'b0110011 
	Parameter SLOW_COUNTER_PLUS_game_fsm bound to: 7'b0110100 
	Parameter FAST_COUNTER_PLUS_game_fsm bound to: 7'b0110101 
	Parameter CHECK_LVL_EQ_3_game_fsm bound to: 7'b0110110 
	Parameter BRANCH_LVL_EQ_3_game_fsm bound to: 7'b0110111 
	Parameter CHECK_LVL_EQ_2_game_fsm bound to: 7'b0111000 
	Parameter BRANCH_LVL_EQ_2_game_fsm bound to: 7'b0111001 
	Parameter CHECK_FAST_COUNTER_MOD_3_game_fsm bound to: 7'b0111010 
	Parameter BRANCH_FAST_COUNTER_MOD_3_game_fsm bound to: 7'b0111011 
	Parameter CHECK_FAST_COUNTER_MOD_2_game_fsm bound to: 7'b0111100 
	Parameter BRANCH_FAST_COUNTER_MOD_2_game_fsm bound to: 7'b0111101 
	Parameter BLINK_E1_game_fsm bound to: 7'b0111110 
	Parameter BLINK_E2_game_fsm bound to: 7'b0111111 
	Parameter BLINK_E3_game_fsm bound to: 7'b1000000 
	Parameter BLINK_E4_game_fsm bound to: 7'b1000001 
	Parameter BLINK_E5_game_fsm bound to: 7'b1000010 
	Parameter BLINK_E6_game_fsm bound to: 7'b1000011 
	Parameter BLINK_E7_game_fsm bound to: 7'b1000100 
	Parameter BLINK_E8_game_fsm bound to: 7'b1000101 
	Parameter BLINK_E9_game_fsm bound to: 7'b1000110 
	Parameter BLINK_E10_game_fsm bound to: 7'b1000111 
	Parameter BLINK_E11_game_fsm bound to: 7'b1001000 
	Parameter BLINK_E12_game_fsm bound to: 7'b1001001 
	Parameter BLINK_E13_game_fsm bound to: 7'b1001010 
	Parameter BLINK_E14_game_fsm bound to: 7'b1001011 
	Parameter BLINK_E15_game_fsm bound to: 7'b1001100 
	Parameter BLINK_E16_game_fsm bound to: 7'b1001101 
	Parameter CHECK_LIVES_MORE_THAN_1_game_fsm bound to: 7'b1001110 
	Parameter BRANCH_LIVES_MORE_THAN_1_game_fsm bound to: 7'b1001111 
	Parameter LIVES_MINUS_game_fsm bound to: 7'b1010000 
	Parameter LOSE_game_fsm bound to: 7'b1010001 
	Parameter RESPAWN_PP_game_fsm bound to: 7'b1010010 
INFO: [Synth 8-155] case statement is not full and has no default [C:/Users/sqiya/OneDrive/Documents/GitHub/1DFlashQuantumTunneling/theflash/work/vivado/theflash/theflash.srcs/sources_1/imports/verilog/game_CU_9.v:136]
INFO: [Synth 8-6155] done synthesizing module 'game_CU_9' (10#1) [C:/Users/sqiya/OneDrive/Documents/GitHub/1DFlashQuantumTunneling/theflash/work/vivado/theflash/theflash.srcs/sources_1/imports/verilog/game_CU_9.v:7]
INFO: [Synth 8-6157] synthesizing module 'game_miniRegfiles_10' [C:/Users/sqiya/OneDrive/Documents/GitHub/1DFlashQuantumTunneling/theflash/work/vivado/theflash/theflash.srcs/sources_1/imports/verilog/game_miniRegfiles_10.v:7]
INFO: [Synth 8-226] default block is never used [C:/Users/sqiya/OneDrive/Documents/GitHub/1DFlashQuantumTunneling/theflash/work/vivado/theflash/theflash.srcs/sources_1/imports/verilog/game_miniRegfiles_10.v:216]
INFO: [Synth 8-226] default block is never used [C:/Users/sqiya/OneDrive/Documents/GitHub/1DFlashQuantumTunneling/theflash/work/vivado/theflash/theflash.srcs/sources_1/imports/verilog/game_miniRegfiles_10.v:318]
INFO: [Synth 8-6155] done synthesizing module 'game_miniRegfiles_10' (11#1) [C:/Users/sqiya/OneDrive/Documents/GitHub/1DFlashQuantumTunneling/theflash/work/vivado/theflash/theflash.srcs/sources_1/imports/verilog/game_miniRegfiles_10.v:7]
INFO: [Synth 8-6157] synthesizing module 'counter_11' [C:/Users/sqiya/OneDrive/Documents/GitHub/1DFlashQuantumTunneling/theflash/work/vivado/theflash/theflash.srcs/sources_1/imports/verilog/counter_11.v:14]
	Parameter SIZE bound to: 1'b1 
	Parameter DIV bound to: 5'b11010 
	Parameter TOP bound to: 1'b0 
	Parameter UP bound to: 1'b1 
	Parameter MAX_VALUE bound to: 27'b011111111111111111111111111 
INFO: [Synth 8-6155] done synthesizing module 'counter_11' (12#1) [C:/Users/sqiya/OneDrive/Documents/GitHub/1DFlashQuantumTunneling/theflash/work/vivado/theflash/theflash.srcs/sources_1/imports/verilog/counter_11.v:14]
INFO: [Synth 8-6157] synthesizing module 'counter_12' [C:/Users/sqiya/OneDrive/Documents/GitHub/1DFlashQuantumTunneling/theflash/work/vivado/theflash/theflash.srcs/sources_1/imports/verilog/counter_12.v:14]
	Parameter SIZE bound to: 1'b1 
	Parameter DIV bound to: 5'b11001 
	Parameter TOP bound to: 1'b0 
	Parameter UP bound to: 1'b1 
	Parameter MAX_VALUE bound to: 26'b01111111111111111111111111 
INFO: [Synth 8-6155] done synthesizing module 'counter_12' (13#1) [C:/Users/sqiya/OneDrive/Documents/GitHub/1DFlashQuantumTunneling/theflash/work/vivado/theflash/theflash.srcs/sources_1/imports/verilog/counter_12.v:14]
INFO: [Synth 8-226] default block is never used [C:/Users/sqiya/OneDrive/Documents/GitHub/1DFlashQuantumTunneling/theflash/work/vivado/theflash/theflash.srcs/sources_1/imports/verilog/game_customBeta_4.v:181]
INFO: [Synth 8-226] default block is never used [C:/Users/sqiya/OneDrive/Documents/GitHub/1DFlashQuantumTunneling/theflash/work/vivado/theflash/theflash.srcs/sources_1/imports/verilog/game_customBeta_4.v:199]
INFO: [Synth 8-6155] done synthesizing module 'game_customBeta_4' (14#1) [C:/Users/sqiya/OneDrive/Documents/GitHub/1DFlashQuantumTunneling/theflash/work/vivado/theflash/theflash.srcs/sources_1/imports/verilog/game_customBeta_4.v:7]
INFO: [Synth 8-6157] synthesizing module 'multi_seven_seg_5' [C:/Users/sqiya/OneDrive/Documents/GitHub/1DFlashQuantumTunneling/theflash/work/vivado/theflash/theflash.srcs/sources_1/imports/verilog/multi_seven_seg_5.v:12]
	Parameter DIGITS bound to: 3'b100 
	Parameter DIV bound to: 5'b10000 
	Parameter DIGIT_BITS bound to: 2'b10 
INFO: [Synth 8-6157] synthesizing module 'counter_13' [C:/Users/sqiya/OneDrive/Documents/GitHub/1DFlashQuantumTunneling/theflash/work/vivado/theflash/theflash.srcs/sources_1/imports/verilog/counter_13.v:14]
	Parameter SIZE bound to: 2'b10 
	Parameter DIV bound to: 5'b10000 
	Parameter TOP bound to: 4'b0011 
	Parameter UP bound to: 1'b1 
	Parameter MAX_VALUE bound to: 20'b00111111111111111111 
INFO: [Synth 8-6155] done synthesizing module 'counter_13' (15#1) [C:/Users/sqiya/OneDrive/Documents/GitHub/1DFlashQuantumTunneling/theflash/work/vivado/theflash/theflash.srcs/sources_1/imports/verilog/counter_13.v:14]
INFO: [Synth 8-6157] synthesizing module 'seven_seg_14' [C:/Users/sqiya/OneDrive/Documents/GitHub/1DFlashQuantumTunneling/theflash/work/vivado/theflash/theflash.srcs/sources_1/imports/verilog/seven_seg_14.v:7]
INFO: [Synth 8-6155] done synthesizing module 'seven_seg_14' (16#1) [C:/Users/sqiya/OneDrive/Documents/GitHub/1DFlashQuantumTunneling/theflash/work/vivado/theflash/theflash.srcs/sources_1/imports/verilog/seven_seg_14.v:7]
INFO: [Synth 8-6157] synthesizing module 'decoder_15' [C:/Users/sqiya/OneDrive/Documents/GitHub/1DFlashQuantumTunneling/theflash/work/vivado/theflash/theflash.srcs/sources_1/imports/verilog/decoder_15.v:11]
	Parameter WIDTH bound to: 2'b10 
INFO: [Synth 8-6155] done synthesizing module 'decoder_15' (17#1) [C:/Users/sqiya/OneDrive/Documents/GitHub/1DFlashQuantumTunneling/theflash/work/vivado/theflash/theflash.srcs/sources_1/imports/verilog/decoder_15.v:11]
INFO: [Synth 8-6155] done synthesizing module 'multi_seven_seg_5' (18#1) [C:/Users/sqiya/OneDrive/Documents/GitHub/1DFlashQuantumTunneling/theflash/work/vivado/theflash/theflash.srcs/sources_1/imports/verilog/multi_seven_seg_5.v:12]
INFO: [Synth 8-6157] synthesizing module 'converter_6' [C:/Users/sqiya/OneDrive/Documents/GitHub/1DFlashQuantumTunneling/theflash/work/vivado/theflash/theflash.srcs/sources_1/imports/verilog/converter_6.v:7]
INFO: [Synth 8-6155] done synthesizing module 'converter_6' (19#1) [C:/Users/sqiya/OneDrive/Documents/GitHub/1DFlashQuantumTunneling/theflash/work/vivado/theflash/theflash.srcs/sources_1/imports/verilog/converter_6.v:7]
INFO: [Synth 8-6155] done synthesizing module 'au_top_0' (20#1) [C:/Users/sqiya/OneDrive/Documents/GitHub/1DFlashQuantumTunneling/theflash/work/vivado/theflash/theflash.srcs/sources_1/imports/verilog/au_top_0.v:7]
---------------------------------------------------------------------------------
Finished RTL Elaboration : Time (s): cpu = 00:00:07 ; elapsed = 00:00:07 . Memory (MB): peak = 1017.031 ; gain = 0.000
---------------------------------------------------------------------------------
---------------------------------------------------------------------------------
Start Handling Custom Attributes
---------------------------------------------------------------------------------
---------------------------------------------------------------------------------
Finished Handling Custom Attributes : Time (s): cpu = 00:00:08 ; elapsed = 00:00:08 . Memory (MB): peak = 1017.031 ; gain = 0.000
---------------------------------------------------------------------------------
---------------------------------------------------------------------------------
Finished RTL Optimization Phase 1 : Time (s): cpu = 00:00:08 ; elapsed = 00:00:08 . Memory (MB): peak = 1017.031 ; gain = 0.000
---------------------------------------------------------------------------------
Netlist sorting complete. Time (s): cpu = 00:00:00 ; elapsed = 00:00:00.037 . Memory (MB): peak = 1017.031 ; gain = 0.000
INFO: [Project 1-570] Preparing netlist for logic optimization

Processing XDC Constraints
Initializing timing engine
Parsing XDC File [C:/Users/sqiya/OneDrive/Documents/GitHub/1DFlashQuantumTunneling/theflash/work/constraint/alchitry.xdc]
Finished Parsing XDC File [C:/Users/sqiya/OneDrive/Documents/GitHub/1DFlashQuantumTunneling/theflash/work/constraint/alchitry.xdc]
INFO: [Project 1-236] Implementation specific constraints were found while reading constraint file [C:/Users/sqiya/OneDrive/Documents/GitHub/1DFlashQuantumTunneling/theflash/work/constraint/alchitry.xdc]. These constraints will be ignored for synthesis but will be used in implementation. Impacted constraints are listed in the file [.Xil/au_top_0_propImpl.xdc].
Resolution: To avoid this warning, move constraints listed in [.Xil/au_top_0_propImpl.xdc] to another XDC file and exclude this new file from synthesis with the used_in_synthesis property (File Properties dialog in GUI) and re-run elaboration/synthesis.
Parsing XDC File [C:/Users/sqiya/OneDrive/Documents/GitHub/1DFlashQuantumTunneling/theflash/work/constraint/io.xdc]
Finished Parsing XDC File [C:/Users/sqiya/OneDrive/Documents/GitHub/1DFlashQuantumTunneling/theflash/work/constraint/io.xdc]
INFO: [Project 1-236] Implementation specific constraints were found while reading constraint file [C:/Users/sqiya/OneDrive/Documents/GitHub/1DFlashQuantumTunneling/theflash/work/constraint/io.xdc]. These constraints will be ignored for synthesis but will be used in implementation. Impacted constraints are listed in the file [.Xil/au_top_0_propImpl.xdc].
Resolution: To avoid this warning, move constraints listed in [.Xil/au_top_0_propImpl.xdc] to another XDC file and exclude this new file from synthesis with the used_in_synthesis property (File Properties dialog in GUI) and re-run elaboration/synthesis.
Parsing XDC File [C:/Program Files/Alchitry/Alchitry Labs/library/components/au.xdc]
Finished Parsing XDC File [C:/Program Files/Alchitry/Alchitry Labs/library/components/au.xdc]
Completed Processing XDC Constraints

Netlist sorting complete. Time (s): cpu = 00:00:00 ; elapsed = 00:00:00.001 . Memory (MB): peak = 1017.031 ; gain = 0.000
INFO: [Project 1-111] Unisim Transformation Summary:
No Unisim elements were transformed.

Constraint Validation Runtime : Time (s): cpu = 00:00:00 ; elapsed = 00:00:00.009 . Memory (MB): peak = 1017.031 ; gain = 0.000
---------------------------------------------------------------------------------
Finished Constraint Validation : Time (s): cpu = 00:00:15 ; elapsed = 00:00:16 . Memory (MB): peak = 1017.031 ; gain = 0.000
---------------------------------------------------------------------------------
---------------------------------------------------------------------------------
Start Loading Part and Timing Information
---------------------------------------------------------------------------------
Loading part: xc7a35tftg256-1
---------------------------------------------------------------------------------
Finished Loading Part and Timing Information : Time (s): cpu = 00:00:15 ; elapsed = 00:00:16 . Memory (MB): peak = 1017.031 ; gain = 0.000
---------------------------------------------------------------------------------
---------------------------------------------------------------------------------
Start Applying 'set_property' XDC Constraints
---------------------------------------------------------------------------------
---------------------------------------------------------------------------------
Finished applying 'set_property' XDC Constraints : Time (s): cpu = 00:00:16 ; elapsed = 00:00:16 . Memory (MB): peak = 1017.031 ; gain = 0.000
---------------------------------------------------------------------------------
INFO: [Synth 8-802] inferred FSM for state register 'M_game_fsm_q_reg' in module 'game_CU_9'
---------------------------------------------------------------------------------------------------
                   State |                     New Encoding |                Previous Encoding 
---------------------------------------------------------------------------------------------------
           IDLE_game_fsm |                           000000 |                          0000000
        PP_PLUS_game_fsm |                           000001 |                          0000010
       CHECK_PP_game_fsm |                           000010 |                          0000001
      BRANCH_PP_game_fsm |                           000011 |                          0000100
       PP_MINUS_game_fsm |                           000100 |                          0000011
  CHECKPP_EQ_E1_game_fsm |                           000101 |                          0000101
BRANCH_PP_EQ_E1_game_fsm |                           000110 |                          0010101
  CHECKPP_EQ_E2_game_fsm |                           000111 |                          0000110
BRANCH_PP_EQ_E2_game_fsm |                           001000 |                          0010110
  CHECKPP_EQ_E3_game_fsm |                           001001 |                          0000111
BRANCH_PP_EQ_E3_game_fsm |                           001010 |                          0010111
  CHECKPP_EQ_E4_game_fsm |                           001011 |                          0001000
BRANCH_PP_EQ_E4_game_fsm |                           001100 |                          0011000
  CHECKPP_EQ_E5_game_fsm |                           001101 |                          0001001
BRANCH_PP_EQ_E5_game_fsm |                           001110 |                          0011001
  CHECKPP_EQ_E6_game_fsm |                           001111 |                          0001010
BRANCH_PP_EQ_E6_game_fsm |                           010000 |                          0011010
  CHECKPP_EQ_E7_game_fsm |                           010001 |                          0001011
BRANCH_PP_EQ_E7_game_fsm |                           010010 |                          0011011
  CHECKPP_EQ_E8_game_fsm |                           010011 |                          0001100
BRANCH_PP_EQ_E8_game_fsm |                           010100 |                          0011100
  CHECKPP_EQ_E9_game_fsm |                           010101 |                          0001101
BRANCH_PP_EQ_E9_game_fsm |                           010110 |                          0011101
 CHECKPP_EQ_E10_game_fsm |                           010111 |                          0001110
BRANCH_PP_EQ_E10_game_fsm |                           011000 |                          0011110
 CHECKPP_EQ_E11_game_fsm |                           011001 |                          0001111
BRANCH_PP_EQ_E11_game_fsm |                           011010 |                          0011111
 CHECKPP_EQ_E12_game_fsm |                           011011 |                          0010000
BRANCH_PP_EQ_E12_game_fsm |                           011100 |                          0100000
 CHECKPP_EQ_E13_game_fsm |                           011101 |                          0010001
BRANCH_PP_EQ_E13_game_fsm |                           011110 |                          0100001
 CHECKPP_EQ_E14_game_fsm |                           011111 |                          0010010
BRANCH_PP_EQ_E14_game_fsm |                           100000 |                          0100010
 CHECKPP_EQ_E15_game_fsm |                           100001 |                          0010011
BRANCH_PP_EQ_E15_game_fsm |                           100010 |                          0100011
 CHECKPP_EQ_E16_game_fsm |                           100011 |                          0010100
BRANCH_PP_EQ_E16_game_fsm |                           100100 |                          0100100
CHECK_LIVES_MORE_THAN_1_game_fsm |                           100101 |                          1001110
BRANCH_LIVES_MORE_THAN_1_game_fsm |                           100110 |                          1001111
    LIVES_MINUS_game_fsm |                           100111 |                          1010000
     RESPAWN_PP_game_fsm |                           101000 |                          1010010
           LOSE_game_fsm |                           101001 |                          1010001
CHECK_END_REACHED_game_fsm |                           101010 |                          0100101
BRANCH_END_REACHED_game_fsm |                           101011 |                          0100110
CHECK_NEXTLVL_EXISTS_game_fsm |                           101100 |                          0100111
       RESET_PP_game_fsm |                           101101 |                          0101100
RESET_STOP_GAME_game_fsm |                           101110 |                          0101101
RESET_FAST_COUNTER_game_fsm |                           101111 |                          0101110
RESET_SLOW_COUNTER_game_fsm |                           110000 |                          0101111
    RESET_LIVES_game_fsm |                           110001 |                          0110000
      RESET_LVL_game_fsm |                           110010 |                          0110001
---------------------------------------------------------------------------------------------------
INFO: [Synth 8-3354] encoded FSM with state register 'M_game_fsm_q_reg' using encoding 'sequential' in module 'game_CU_9'
---------------------------------------------------------------------------------
Finished RTL Optimization Phase 2 : Time (s): cpu = 00:00:17 ; elapsed = 00:00:18 . Memory (MB): peak = 1017.031 ; gain = 0.000
---------------------------------------------------------------------------------
---------------------------------------------------------------------------------
Start RTL Component Statistics 
---------------------------------------------------------------------------------
Detailed RTL Component Info : 
+---Adders : 
	   2 Input   18 Bit       Adders := 1     
	   3 Input   16 Bit       Adders := 2     
+---XORs : 
	   2 Input     16 Bit         XORs := 1     
	   2 Input      1 Bit         XORs := 1     
+---Registers : 
	               18 Bit    Registers := 1     
	               16 Bit    Registers := 32    
	                4 Bit    Registers := 1     
	                2 Bit    Registers := 3     
	                1 Bit    Registers := 5     
+---Muxes : 
	   2 Input   18 Bit        Muxes := 1     
	   2 Input   16 Bit        Muxes := 5     
	   5 Input   16 Bit        Muxes := 2     
	   4 Input   16 Bit        Muxes := 6     
	  51 Input   16 Bit        Muxes := 1     
	  32 Input   16 Bit        Muxes := 2     
	  51 Input    7 Bit        Muxes := 1     
	   2 Input    7 Bit        Muxes := 1     
	  51 Input    6 Bit        Muxes := 2     
	   2 Input    6 Bit        Muxes := 23    
	  51 Input    5 Bit        Muxes := 3     
	   2 Input    5 Bit        Muxes := 3     
	   4 Input    4 Bit        Muxes := 1     
	  51 Input    2 Bit        Muxes := 3     
	   2 Input    2 Bit        Muxes := 3     
	  51 Input    1 Bit        Muxes := 2     
	  32 Input    1 Bit        Muxes := 30    
	   2 Input    1 Bit        Muxes := 1     
---------------------------------------------------------------------------------
Finished RTL Component Statistics 
---------------------------------------------------------------------------------
---------------------------------------------------------------------------------
Start Part Resource Summary
---------------------------------------------------------------------------------
Part Resources:
DSPs: 90 (col length:60)
BRAMs: 100 (col length: RAMB18 60 RAMB36 30)
---------------------------------------------------------------------------------
Finished Part Resource Summary
---------------------------------------------------------------------------------
---------------------------------------------------------------------------------
Start Cross Boundary and Area Optimization
---------------------------------------------------------------------------------
DSP Report: Generating DSP arithmeticUnit/s1, operation Mode is: A*B.
DSP Report: operator arithmeticUnit/s1 is absorbed into DSP arithmeticUnit/s1.
DSP Report: Generating DSP arithmeticUnit/s0, operation Mode is: A*B.
DSP Report: operator arithmeticUnit/s0 is absorbed into DSP arithmeticUnit/s0.
---------------------------------------------------------------------------------
Finished Cross Boundary and Area Optimization : Time (s): cpu = 00:00:30 ; elapsed = 00:00:31 . Memory (MB): peak = 1017.031 ; gain = 0.000
---------------------------------------------------------------------------------
---------------------------------------------------------------------------------
Start ROM, RAM, DSP and Shift Register Reporting
---------------------------------------------------------------------------------

DSP: Preliminary Mapping	Report (see note below)
+------------------+-------------+--------+--------+--------+--------+--------+------+------+------+------+-------+------+------+
|Module Name       | DSP Mapping | A Size | B Size | C Size | D Size | P Size | AREG | BREG | CREG | DREG | ADREG | MREG | PREG | 
+------------------+-------------+--------+--------+--------+--------+--------+------+------+------+------+-------+------+------+
|alu_arithmetic_16 | A*B         | 16     | 16     | -      | -      | 32     | 0    | 0    | -    | -    | -     | 0    | 0    | 
|alu_arithmetic_16 | A*B         | 16     | 16     | -      | -      | 32     | 0    | 0    | -    | -    | -     | 0    | 0    | 
+------------------+-------------+--------+--------+--------+--------+--------+------+------+------+------+-------+------+------+

Note: The table above is a preliminary report that shows the DSPs inferred at the current stage of the synthesis flow. Some DSP may be reimplemented as non DSP primitives later in the synthesis flow. Multiple instantiated DSPs are reported only once.
---------------------------------------------------------------------------------
Finished ROM, RAM, DSP and Shift Register Reporting
---------------------------------------------------------------------------------
---------------------------------------------------------------------------------
Start Applying XDC Timing Constraints
---------------------------------------------------------------------------------
---------------------------------------------------------------------------------
Finished Applying XDC Timing Constraints : Time (s): cpu = 00:00:38 ; elapsed = 00:00:39 . Memory (MB): peak = 1017.031 ; gain = 0.000
---------------------------------------------------------------------------------
---------------------------------------------------------------------------------
Start Timing Optimization
---------------------------------------------------------------------------------
---------------------------------------------------------------------------------
Finished Timing Optimization : Time (s): cpu = 00:00:41 ; elapsed = 00:00:42 . Memory (MB): peak = 1029.191 ; gain = 12.160
---------------------------------------------------------------------------------
---------------------------------------------------------------------------------
Start Technology Mapping
---------------------------------------------------------------------------------
---------------------------------------------------------------------------------
Finished Technology Mapping : Time (s): cpu = 00:00:41 ; elapsed = 00:00:42 . Memory (MB): peak = 1039.262 ; gain = 22.230
---------------------------------------------------------------------------------
---------------------------------------------------------------------------------
Start IO Insertion
---------------------------------------------------------------------------------
---------------------------------------------------------------------------------
Start Flattening Before IO Insertion
---------------------------------------------------------------------------------
---------------------------------------------------------------------------------
Finished Flattening Before IO Insertion
---------------------------------------------------------------------------------
---------------------------------------------------------------------------------
Start Final Netlist Cleanup
---------------------------------------------------------------------------------
---------------------------------------------------------------------------------
Finished Final Netlist Cleanup
---------------------------------------------------------------------------------
---------------------------------------------------------------------------------
Finished IO Insertion : Time (s): cpu = 00:00:45 ; elapsed = 00:00:46 . Memory (MB): peak = 1039.262 ; gain = 22.230
---------------------------------------------------------------------------------
---------------------------------------------------------------------------------
Start Renaming Generated Instances
---------------------------------------------------------------------------------
---------------------------------------------------------------------------------
Finished Renaming Generated Instances : Time (s): cpu = 00:00:45 ; elapsed = 00:00:46 . Memory (MB): peak = 1039.262 ; gain = 22.230
---------------------------------------------------------------------------------
---------------------------------------------------------------------------------
Start Rebuilding User Hierarchy
---------------------------------------------------------------------------------
---------------------------------------------------------------------------------
Finished Rebuilding User Hierarchy : Time (s): cpu = 00:00:45 ; elapsed = 00:00:46 . Memory (MB): peak = 1039.262 ; gain = 22.230
---------------------------------------------------------------------------------
---------------------------------------------------------------------------------
Start Renaming Generated Ports
---------------------------------------------------------------------------------
---------------------------------------------------------------------------------
Finished Renaming Generated Ports : Time (s): cpu = 00:00:45 ; elapsed = 00:00:46 . Memory (MB): peak = 1039.262 ; gain = 22.230
---------------------------------------------------------------------------------
---------------------------------------------------------------------------------
Start Handling Custom Attributes
---------------------------------------------------------------------------------
---------------------------------------------------------------------------------
Finished Handling Custom Attributes : Time (s): cpu = 00:00:45 ; elapsed = 00:00:46 . Memory (MB): peak = 1039.262 ; gain = 22.230
---------------------------------------------------------------------------------
---------------------------------------------------------------------------------
Start Renaming Generated Nets
---------------------------------------------------------------------------------
---------------------------------------------------------------------------------
Finished Renaming Generated Nets : Time (s): cpu = 00:00:45 ; elapsed = 00:00:46 . Memory (MB): peak = 1039.262 ; gain = 22.230
---------------------------------------------------------------------------------
---------------------------------------------------------------------------------
Start Writing Synthesis Report
---------------------------------------------------------------------------------

Report BlackBoxes: 
+-+--------------+----------+
| |BlackBox name |Instances |
+-+--------------+----------+
+-+--------------+----------+

Report Cell Usage: 
+------+-------+------+
|      |Cell   |Count |
+------+-------+------+
|1     |BUFG   |     1|
|2     |CARRY4 |    28|
|3     |LUT1   |    11|
|4     |LUT2   |    44|
|5     |LUT3   |    61|
|6     |LUT4   |    46|
|7     |LUT5   |    29|
|8     |LUT6   |   154|
|9     |FDRE   |   215|
|10    |FDSE   |    10|
|11    |IBUF   |     6|
|12    |OBUF   |    45|
+------+-------+------+
---------------------------------------------------------------------------------
Finished Writing Synthesis Report : Time (s): cpu = 00:00:45 ; elapsed = 00:00:46 . Memory (MB): peak = 1039.262 ; gain = 22.230
---------------------------------------------------------------------------------
Synthesis finished with 0 errors, 0 critical warnings and 0 warnings.
Synthesis Optimization Runtime : Time (s): cpu = 00:00:34 ; elapsed = 00:00:43 . Memory (MB): peak = 1039.262 ; gain = 22.230
Synthesis Optimization Complete : Time (s): cpu = 00:00:45 ; elapsed = 00:00:46 . Memory (MB): peak = 1039.262 ; gain = 22.230
INFO: [Project 1-571] Translating synthesized netlist
Netlist sorting complete. Time (s): cpu = 00:00:00 ; elapsed = 00:00:00.013 . Memory (MB): peak = 1045.082 ; gain = 0.000
INFO: [Netlist 29-17] Analyzing 28 Unisim elements for replacement
INFO: [Netlist 29-28] Unisim Transformation completed in 0 CPU seconds
INFO: [Project 1-570] Preparing netlist for logic optimization
INFO: [Opt 31-138] Pushed 0 inverter(s) to 0 load pin(s).
Netlist sorting complete. Time (s): cpu = 00:00:00 ; elapsed = 00:00:00 . Memory (MB): peak = 1045.082 ; gain = 0.000
INFO: [Project 1-111] Unisim Transformation Summary:
No Unisim elements were transformed.

INFO: [Common 17-83] Releasing license: Synthesis
64 Infos, 0 Warnings, 0 Critical Warnings and 0 Errors encountered.
synth_design completed successfully
synth_design: Time (s): cpu = 00:00:50 ; elapsed = 00:00:53 . Memory (MB): peak = 1045.082 ; gain = 28.051
INFO: [Common 17-1381] The checkpoint 'C:/Users/sqiya/OneDrive/Documents/GitHub/1DFlashQuantumTunneling/theflash/work/vivado/theflash/theflash.runs/synth_1/au_top_0.dcp' has been generated.
INFO: [runtcl-4] Executing : report_utilization -file au_top_0_utilization_synth.rpt -pb au_top_0_utilization_synth.pb
INFO: [Common 17-206] Exiting Vivado at Tue Nov 17 22:56:23 2020...
[Tue Nov 17 22:56:24 2020] synth_1 finished
wait_on_run: Time (s): cpu = 00:00:00 ; elapsed = 00:01:01 . Memory (MB): peak = 1017.785 ; gain = 0.000
# launch_runs impl_1 -to_step write_bitstream -jobs 8
[Tue Nov 17 22:56:24 2020] Launched impl_1...
Run output will be captured here: C:/Users/sqiya/OneDrive/Documents/GitHub/1DFlashQuantumTunneling/theflash/work/vivado/theflash/theflash.runs/impl_1/runme.log
# wait_on_run impl_1
[Tue Nov 17 22:56:24 2020] Waiting for impl_1 to finish...


*** Running vivado
    with args -log au_top_0.vdi -applog -m64 -product Vivado -messageDb vivado.pb -mode batch -source au_top_0.tcl -notrace



****** Vivado v2020.1 (64-bit)
  **** SW Build 2902540 on Wed May 27 19:54:49 MDT 2020
  **** IP Build 2902112 on Wed May 27 22:43:36 MDT 2020
    ** Copyright 1986-2020 Xilinx, Inc. All Rights Reserved.

source au_top_0.tcl -notrace
Command: link_design -top au_top_0 -part xc7a35tftg256-1
Design is defaulting to srcset: sources_1
Design is defaulting to constrset: constrs_1
INFO: [Device 21-403] Loading part xc7a35tftg256-1
Netlist sorting complete. Time (s): cpu = 00:00:00 ; elapsed = 00:00:00.010 . Memory (MB): peak = 1019.102 ; gain = 0.000
INFO: [Netlist 29-17] Analyzing 28 Unisim elements for replacement
INFO: [Netlist 29-28] Unisim Transformation completed in 0 CPU seconds
INFO: [Project 1-479] Netlist was created with Vivado 2020.1
INFO: [Project 1-570] Preparing netlist for logic optimization
Parsing XDC File [C:/Users/sqiya/OneDrive/Documents/GitHub/1DFlashQuantumTunneling/theflash/work/constraint/alchitry.xdc]
Finished Parsing XDC File [C:/Users/sqiya/OneDrive/Documents/GitHub/1DFlashQuantumTunneling/theflash/work/constraint/alchitry.xdc]
Parsing XDC File [C:/Users/sqiya/OneDrive/Documents/GitHub/1DFlashQuantumTunneling/theflash/work/constraint/io.xdc]
Finished Parsing XDC File [C:/Users/sqiya/OneDrive/Documents/GitHub/1DFlashQuantumTunneling/theflash/work/constraint/io.xdc]
Parsing XDC File [C:/Program Files/Alchitry/Alchitry Labs/library/components/au.xdc]
Finished Parsing XDC File [C:/Program Files/Alchitry/Alchitry Labs/library/components/au.xdc]
INFO: [Opt 31-138] Pushed 0 inverter(s) to 0 load pin(s).
Netlist sorting complete. Time (s): cpu = 00:00:00 ; elapsed = 00:00:00.001 . Memory (MB): peak = 1019.102 ; gain = 0.000
INFO: [Project 1-111] Unisim Transformation Summary:
No Unisim elements were transformed.

7 Infos, 0 Warnings, 0 Critical Warnings and 0 Errors encountered.
link_design completed successfully
link_design: Time (s): cpu = 00:00:07 ; elapsed = 00:00:08 . Memory (MB): peak = 1019.102 ; gain = 0.000
Command: opt_design
Attempting to get a license for feature 'Implementation' and/or device 'xc7a35t'
INFO: [Common 17-349] Got license for feature 'Implementation' and/or device 'xc7a35t'
Running DRC as a precondition to command opt_design

Starting DRC Task
INFO: [DRC 23-27] Running DRC with 2 threads
INFO: [Project 1-461] DRC finished with 0 Errors
INFO: [Project 1-462] Please refer to the DRC report (report_drc) for more information.

Time (s): cpu = 00:00:02 ; elapsed = 00:00:01 . Memory (MB): peak = 1019.102 ; gain = 0.000

Starting Cache Timing Information Task
INFO: [Timing 38-35] Done setting XDC timing constraints.
Ending Cache Timing Information Task | Checksum: 1c6584aa6

Time (s): cpu = 00:00:10 ; elapsed = 00:00:10 . Memory (MB): peak = 1248.523 ; gain = 229.422

Starting Logic Optimization Task

Phase 1 Retarget
INFO: [Opt 31-138] Pushed 0 inverter(s) to 0 load pin(s).
INFO: [Opt 31-49] Retargeted 0 cell(s).
Phase 1 Retarget | Checksum: 114a5adf2

Time (s): cpu = 00:00:00 ; elapsed = 00:00:00.045 . Memory (MB): peak = 1438.176 ; gain = 0.000
INFO: [Opt 31-389] Phase Retarget created 0 cells and removed 3 cells

Phase 2 Constant propagation
INFO: [Opt 31-138] Pushed 0 inverter(s) to 0 load pin(s).
Phase 2 Constant propagation | Checksum: 114a5adf2

Time (s): cpu = 00:00:00 ; elapsed = 00:00:00.051 . Memory (MB): peak = 1438.176 ; gain = 0.000
INFO: [Opt 31-389] Phase Constant propagation created 0 cells and removed 0 cells

Phase 3 Sweep
Phase 3 Sweep | Checksum: 14acbf68e

Time (s): cpu = 00:00:00 ; elapsed = 00:00:00.069 . Memory (MB): peak = 1438.176 ; gain = 0.000
INFO: [Opt 31-389] Phase Sweep created 1 cells and removed 0 cells

Phase 4 BUFG optimization
Phase 4 BUFG optimization | Checksum: 14acbf68e

Time (s): cpu = 00:00:00 ; elapsed = 00:00:00.079 . Memory (MB): peak = 1438.176 ; gain = 0.000
INFO: [Opt 31-662] Phase BUFG optimization created 0 cells of which 0 are BUFGs and removed 0 cells.

Phase 5 Shift Register Optimization
INFO: [Opt 31-1064] SRL Remap converted 0 SRLs to 0 registers and converted 0 registers of register chains to 0 SRLs
Phase 5 Shift Register Optimization | Checksum: 14acbf68e

Time (s): cpu = 00:00:00 ; elapsed = 00:00:00.088 . Memory (MB): peak = 1438.176 ; gain = 0.000
INFO: [Opt 31-389] Phase Shift Register Optimization created 0 cells and removed 0 cells

Phase 6 Post Processing Netlist
Phase 6 Post Processing Netlist | Checksum: 145841d36

Time (s): cpu = 00:00:00 ; elapsed = 00:00:00.092 . Memory (MB): peak = 1438.176 ; gain = 0.000
INFO: [Opt 31-389] Phase Post Processing Netlist created 0 cells and removed 0 cells
Opt_design Change Summary
=========================


-------------------------------------------------------------------------------------------------------------------------
|  Phase                        |  #Cells created  |  #Cells Removed  |  #Constrained objects preventing optimizations  |
-------------------------------------------------------------------------------------------------------------------------
|  Retarget                     |               0  |               3  |                                              0  |
|  Constant propagation         |               0  |               0  |                                              0  |
|  Sweep                        |               1  |               0  |                                              0  |
|  BUFG optimization            |               0  |               0  |                                              0  |
|  Shift Register Optimization  |               0  |               0  |                                              0  |
|  Post Processing Netlist      |               0  |               0  |                                              0  |
-------------------------------------------------------------------------------------------------------------------------



Starting Connectivity Check Task

Time (s): cpu = 00:00:00 ; elapsed = 00:00:00.002 . Memory (MB): peak = 1438.176 ; gain = 0.000
Ending Logic Optimization Task | Checksum: fb885431

Time (s): cpu = 00:00:00 ; elapsed = 00:00:00.121 . Memory (MB): peak = 1438.176 ; gain = 0.000

Starting Power Optimization Task
INFO: [Pwropt 34-132] Skipping clock gating for clocks with a period < 2.00 ns.
Ending Power Optimization Task | Checksum: fb885431

Time (s): cpu = 00:00:00 ; elapsed = 00:00:00.010 . Memory (MB): peak = 1438.176 ; gain = 0.000

Starting Final Cleanup Task
Ending Final Cleanup Task | Checksum: fb885431

Time (s): cpu = 00:00:00 ; elapsed = 00:00:00 . Memory (MB): peak = 1438.176 ; gain = 0.000

Starting Netlist Obfuscation Task
Netlist sorting complete. Time (s): cpu = 00:00:00 ; elapsed = 00:00:00 . Memory (MB): peak = 1438.176 ; gain = 0.000
Ending Netlist Obfuscation Task | Checksum: fb885431

Time (s): cpu = 00:00:00 ; elapsed = 00:00:00 . Memory (MB): peak = 1438.176 ; gain = 0.000
INFO: [Common 17-83] Releasing license: Implementation
24 Infos, 0 Warnings, 0 Critical Warnings and 0 Errors encountered.
opt_design completed successfully
opt_design: Time (s): cpu = 00:00:15 ; elapsed = 00:00:14 . Memory (MB): peak = 1438.176 ; gain = 419.074
INFO: [Timing 38-480] Writing timing data to binary archive.
Writing placer database...
Writing XDEF routing.
Writing XDEF routing logical nets.
Writing XDEF routing special nets.
Write XDEF Complete: Time (s): cpu = 00:00:00 ; elapsed = 00:00:00.056 . Memory (MB): peak = 1438.176 ; gain = 0.000
INFO: [Common 17-1381] The checkpoint 'C:/Users/sqiya/OneDrive/Documents/GitHub/1DFlashQuantumTunneling/theflash/work/vivado/theflash/theflash.runs/impl_1/au_top_0_opt.dcp' has been generated.
INFO: [runtcl-4] Executing : report_drc -file au_top_0_drc_opted.rpt -pb au_top_0_drc_opted.pb -rpx au_top_0_drc_opted.rpx
Command: report_drc -file au_top_0_drc_opted.rpt -pb au_top_0_drc_opted.pb -rpx au_top_0_drc_opted.rpx
INFO: [IP_Flow 19-234] Refreshing IP repositories
INFO: [IP_Flow 19-1704] No user IP repositories specified
INFO: [IP_Flow 19-2313] Loaded Vivado IP repository 'C:/Xilinx/Vivado/2020.1/data/ip'.
INFO: [DRC 23-27] Running DRC with 2 threads
INFO: [Coretcl 2-168] The results of DRC are in file C:/Users/sqiya/OneDrive/Documents/GitHub/1DFlashQuantumTunneling/theflash/work/vivado/theflash/theflash.runs/impl_1/au_top_0_drc_opted.rpt.
report_drc completed successfully
Command: place_design
Attempting to get a license for feature 'Implementation' and/or device 'xc7a35t'
INFO: [Common 17-349] Got license for feature 'Implementation' and/or device 'xc7a35t'
INFO: [DRC 23-27] Running DRC with 2 threads
INFO: [Vivado_Tcl 4-198] DRC finished with 0 Errors
INFO: [Vivado_Tcl 4-199] Please refer to the DRC report (report_drc) for more information.
Running DRC as a precondition to command place_design
INFO: [DRC 23-27] Running DRC with 2 threads
INFO: [Vivado_Tcl 4-198] DRC finished with 0 Errors
INFO: [Vivado_Tcl 4-199] Please refer to the DRC report (report_drc) for more information.

Starting Placer Task
INFO: [Place 30-611] Multithreading enabled for place_design using a maximum of 2 CPUs

Phase 1 Placer Initialization

Phase 1.1 Placer Initialization Netlist Sorting
Netlist sorting complete. Time (s): cpu = 00:00:00 ; elapsed = 00:00:00.001 . Memory (MB): peak = 1438.176 ; gain = 0.000
Phase 1.1 Placer Initialization Netlist Sorting | Checksum: c7c9c0d8

Time (s): cpu = 00:00:00 ; elapsed = 00:00:00.009 . Memory (MB): peak = 1438.176 ; gain = 0.000
Netlist sorting complete. Time (s): cpu = 00:00:00 ; elapsed = 00:00:00 . Memory (MB): peak = 1438.176 ; gain = 0.000

Phase 1.2 IO Placement/ Clock Placement/ Build Placer Device
INFO: [Timing 38-35] Done setting XDC timing constraints.
Phase 1.2 IO Placement/ Clock Placement/ Build Placer Device | Checksum: 1a6c6bb6f

Time (s): cpu = 00:00:02 ; elapsed = 00:00:00.996 . Memory (MB): peak = 1438.176 ; gain = 0.000

Phase 1.3 Build Placer Netlist Model
Phase 1.3 Build Placer Netlist Model | Checksum: 2915215aa

Time (s): cpu = 00:00:02 ; elapsed = 00:00:01 . Memory (MB): peak = 1438.176 ; gain = 0.000

Phase 1.4 Constrain Clocks/Macros
Phase 1.4 Constrain Clocks/Macros | Checksum: 2915215aa

Time (s): cpu = 00:00:02 ; elapsed = 00:00:01 . Memory (MB): peak = 1438.176 ; gain = 0.000
Phase 1 Placer Initialization | Checksum: 2915215aa

Time (s): cpu = 00:00:02 ; elapsed = 00:00:01 . Memory (MB): peak = 1438.176 ; gain = 0.000

Phase 2 Global Placement

Phase 2.1 Floorplanning
Phase 2.1 Floorplanning | Checksum: 2654ea5f4

Time (s): cpu = 00:00:02 ; elapsed = 00:00:01 . Memory (MB): peak = 1438.176 ; gain = 0.000

Phase 2.2 Global Placement Core

Phase 2.2.1 Physical Synthesis In Placer
INFO: [Physopt 32-1035] Found 0 LUTNM shape to break, 19 LUT instances to create LUTNM shape
INFO: [Physopt 32-1044] Break lutnm for timing: one critical 0, two critical 0, total 0, new lutff created 0
INFO: [Physopt 32-775] End 1 Pass. Optimized 8 nets or cells. Created 0 new cell, deleted 8 existing cells and moved 0 existing cell
INFO: [Physopt 32-65] No nets found for high-fanout optimization.
INFO: [Physopt 32-232] Optimized 0 net. Created 0 new instance.
INFO: [Physopt 32-775] End 1 Pass. Optimized 0 net or cell. Created 0 new cell, deleted 0 existing cell and moved 0 existing cell
INFO: [Physopt 32-670] No setup violation found.  DSP Register Optimization was not performed.
INFO: [Physopt 32-670] No setup violation found.  Shift Register to Pipeline Optimization was not performed.
INFO: [Physopt 32-670] No setup violation found.  Shift Register Optimization was not performed.
INFO: [Physopt 32-670] No setup violation found.  BRAM Register Optimization was not performed.
INFO: [Physopt 32-670] No setup violation found.  URAM Register Optimization was not performed.
INFO: [Physopt 32-949] No candidate nets found for HD net replication
INFO: [Physopt 32-775] End 1 Pass. Optimized 0 net or cell. Created 0 new cell, deleted 0 existing cell and moved 0 existing cell
Netlist sorting complete. Time (s): cpu = 00:00:00 ; elapsed = 00:00:00 . Memory (MB): peak = 1438.176 ; gain = 0.000

Summary of Physical Synthesis Optimizations
============================================


-----------------------------------------------------------------------------------------------------------------------------------------------------------
|  Optimization                                     |  Added Cells  |  Removed Cells  |  Optimized Cells/Nets  |  Dont Touch  |  Iterations  |  Elapsed   |
-----------------------------------------------------------------------------------------------------------------------------------------------------------
|  LUT Combining                                    |            0  |              8  |                     8  |           0  |           1  |  00:00:00  |
|  Very High Fanout                                 |            0  |              0  |                     0  |           0  |           1  |  00:00:00  |
|  DSP Register                                     |            0  |              0  |                     0  |           0  |           0  |  00:00:00  |
|  Shift Register to Pipeline                       |            0  |              0  |                     0  |           0  |           0  |  00:00:00  |
|  Shift Register                                   |            0  |              0  |                     0  |           0  |           0  |  00:00:00  |
|  BRAM Register                                    |            0  |              0  |                     0  |           0  |           0  |  00:00:00  |
|  URAM Register                                    |            0  |              0  |                     0  |           0  |           0  |  00:00:00  |
|  Dynamic/Static Region Interface Net Replication  |            0  |              0  |                     0  |           0  |           1  |  00:00:00  |
|  Total                                            |            0  |              8  |                     8  |           0  |           3  |  00:00:00  |
-----------------------------------------------------------------------------------------------------------------------------------------------------------


Phase 2.2.1 Physical Synthesis In Placer | Checksum: 1f893cbcc

Time (s): cpu = 00:00:04 ; elapsed = 00:00:03 . Memory (MB): peak = 1438.176 ; gain = 0.000
Phase 2.2 Global Placement Core | Checksum: 266056900

Time (s): cpu = 00:00:04 ; elapsed = 00:00:03 . Memory (MB): peak = 1438.176 ; gain = 0.000
Phase 2 Global Placement | Checksum: 266056900

Time (s): cpu = 00:00:05 ; elapsed = 00:00:03 . Memory (MB): peak = 1438.176 ; gain = 0.000

Phase 3 Detail Placement

Phase 3.1 Commit Multi Column Macros
Phase 3.1 Commit Multi Column Macros | Checksum: 21eebe2d3

Time (s): cpu = 00:00:05 ; elapsed = 00:00:03 . Memory (MB): peak = 1438.176 ; gain = 0.000

Phase 3.2 Commit Most Macros & LUTRAMs
Phase 3.2 Commit Most Macros & LUTRAMs | Checksum: 19d49cc80

Time (s): cpu = 00:00:05 ; elapsed = 00:00:03 . Memory (MB): peak = 1438.176 ; gain = 0.000

Phase 3.3 Area Swap Optimization
Phase 3.3 Area Swap Optimization | Checksum: 217b0a864

Time (s): cpu = 00:00:05 ; elapsed = 00:00:03 . Memory (MB): peak = 1438.176 ; gain = 0.000

Phase 3.4 Pipeline Register Optimization
Phase 3.4 Pipeline Register Optimization | Checksum: 25465d0a9

Time (s): cpu = 00:00:05 ; elapsed = 00:00:03 . Memory (MB): peak = 1438.176 ; gain = 0.000

Phase 3.5 Small Shape Detail Placement
Phase 3.5 Small Shape Detail Placement | Checksum: 1825f84a9

Time (s): cpu = 00:00:05 ; elapsed = 00:00:03 . Memory (MB): peak = 1438.176 ; gain = 0.000

Phase 3.6 Re-assign LUT pins
Phase 3.6 Re-assign LUT pins | Checksum: 192031ef6

Time (s): cpu = 00:00:05 ; elapsed = 00:00:03 . Memory (MB): peak = 1438.176 ; gain = 0.000

Phase 3.7 Pipeline Register Optimization
Phase 3.7 Pipeline Register Optimization | Checksum: 261274851

Time (s): cpu = 00:00:05 ; elapsed = 00:00:03 . Memory (MB): peak = 1438.176 ; gain = 0.000
Phase 3 Detail Placement | Checksum: 261274851

Time (s): cpu = 00:00:05 ; elapsed = 00:00:03 . Memory (MB): peak = 1438.176 ; gain = 0.000

Phase 4 Post Placement Optimization and Clean-Up

Phase 4.1 Post Commit Optimization
INFO: [Timing 38-35] Done setting XDC timing constraints.

Phase 4.1.1 Post Placement Optimization
Post Placement Optimization Initialization | Checksum: 1d0dc11ed

Phase 4.1.1.1 BUFG Insertion

Starting Physical Synthesis Task

Phase 1 Physical Synthesis Initialization
INFO: [Physopt 32-721] Multithreading enabled for phys_opt_design using a maximum of 2 CPUs
INFO: [Physopt 32-619] Estimated Timing Summary | WNS=0.469 | TNS=0.000 |
Phase 1 Physical Synthesis Initialization | Checksum: 13fe885d9

Time (s): cpu = 00:00:00 ; elapsed = 00:00:00.037 . Memory (MB): peak = 1448.359 ; gain = 0.000
INFO: [Place 46-56] BUFG insertion identified 0 candidate nets. Inserted BUFG: 0, Replicated BUFG Driver: 0, Skipped due to Placement/Routing Conflicts: 0, Skipped due to Timing Degradation: 0, Skipped due to Illegal Netlist: 0.
Ending Physical Synthesis Task | Checksum: 13f9c1611

Time (s): cpu = 00:00:00 ; elapsed = 00:00:00.039 . Memory (MB): peak = 1448.359 ; gain = 0.000
Phase 4.1.1.1 BUFG Insertion | Checksum: 1d0dc11ed

Time (s): cpu = 00:00:06 ; elapsed = 00:00:03 . Memory (MB): peak = 1448.359 ; gain = 10.184
INFO: [Place 30-746] Post Placement Timing Summary WNS=0.639. For the most accurate timing information please run report_timing.
Phase 4.1.1 Post Placement Optimization | Checksum: f82db895

Time (s): cpu = 00:00:06 ; elapsed = 00:00:04 . Memory (MB): peak = 1448.359 ; gain = 10.184
Phase 4.1 Post Commit Optimization | Checksum: f82db895

Time (s): cpu = 00:00:06 ; elapsed = 00:00:04 . Memory (MB): peak = 1448.359 ; gain = 10.184

Phase 4.2 Post Placement Cleanup
Phase 4.2 Post Placement Cleanup | Checksum: f82db895

Time (s): cpu = 00:00:06 ; elapsed = 00:00:04 . Memory (MB): peak = 1448.359 ; gain = 10.184

Phase 4.3 Placer Reporting
Phase 4.3 Placer Reporting | Checksum: f82db895

Time (s): cpu = 00:00:06 ; elapsed = 00:00:04 . Memory (MB): peak = 1448.359 ; gain = 10.184

Phase 4.4 Final Placement Cleanup
Netlist sorting complete. Time (s): cpu = 00:00:00 ; elapsed = 00:00:00.001 . Memory (MB): peak = 1448.359 ; gain = 0.000
Phase 4.4 Final Placement Cleanup | Checksum: 18d436c87

Time (s): cpu = 00:00:06 ; elapsed = 00:00:04 . Memory (MB): peak = 1448.359 ; gain = 10.184
Phase 4 Post Placement Optimization and Clean-Up | Checksum: 18d436c87

Time (s): cpu = 00:00:06 ; elapsed = 00:00:04 . Memory (MB): peak = 1448.359 ; gain = 10.184
Ending Placer Task | Checksum: 10e3606ef

Time (s): cpu = 00:00:06 ; elapsed = 00:00:04 . Memory (MB): peak = 1448.359 ; gain = 10.184
INFO: [Common 17-83] Releasing license: Implementation
60 Infos, 0 Warnings, 0 Critical Warnings and 0 Errors encountered.
place_design completed successfully
INFO: [Timing 38-480] Writing timing data to binary archive.
Writing placer database...
Writing XDEF routing.
Writing XDEF routing logical nets.
Writing XDEF routing special nets.
Write XDEF Complete: Time (s): cpu = 00:00:01 ; elapsed = 00:00:00.114 . Memory (MB): peak = 1448.457 ; gain = 0.098
INFO: [Common 17-1381] The checkpoint 'C:/Users/sqiya/OneDrive/Documents/GitHub/1DFlashQuantumTunneling/theflash/work/vivado/theflash/theflash.runs/impl_1/au_top_0_placed.dcp' has been generated.
INFO: [runtcl-4] Executing : report_io -file au_top_0_io_placed.rpt
report_io: Time (s): cpu = 00:00:00 ; elapsed = 00:00:00.078 . Memory (MB): peak = 1448.457 ; gain = 0.000
INFO: [runtcl-4] Executing : report_utilization -file au_top_0_utilization_placed.rpt -pb au_top_0_utilization_placed.pb
INFO: [runtcl-4] Executing : report_control_sets -verbose -file au_top_0_control_sets_placed.rpt
report_control_sets: Time (s): cpu = 00:00:00 ; elapsed = 00:00:00.003 . Memory (MB): peak = 1448.457 ; gain = 0.000
Command: phys_opt_design
Attempting to get a license for feature 'Implementation' and/or device 'xc7a35t'
INFO: [Common 17-349] Got license for feature 'Implementation' and/or device 'xc7a35t'
INFO: [Vivado_Tcl 4-383] Design worst setup slack (WNS) is greater than or equal to 0.000 ns. Skipping all physical synthesis optimizations.
INFO: [Vivado_Tcl 4-232] No setup violation found. The netlist was not modified.
INFO: [Common 17-83] Releasing license: Implementation
69 Infos, 0 Warnings, 0 Critical Warnings and 0 Errors encountered.
phys_opt_design completed successfully
INFO: [Timing 38-480] Writing timing data to binary archive.
Writing placer database...
Writing XDEF routing.
Writing XDEF routing logical nets.
Writing XDEF routing special nets.
Write XDEF Complete: Time (s): cpu = 00:00:00 ; elapsed = 00:00:00.112 . Memory (MB): peak = 1480.824 ; gain = 17.820
INFO: [Common 17-1381] The checkpoint 'C:/Users/sqiya/OneDrive/Documents/GitHub/1DFlashQuantumTunneling/theflash/work/vivado/theflash/theflash.runs/impl_1/au_top_0_physopt.dcp' has been generated.
Command: route_design
Attempting to get a license for feature 'Implementation' and/or device 'xc7a35t'
INFO: [Common 17-349] Got license for feature 'Implementation' and/or device 'xc7a35t'
Running DRC as a precondition to command route_design
INFO: [DRC 23-27] Running DRC with 2 threads
INFO: [Vivado_Tcl 4-198] DRC finished with 0 Errors
INFO: [Vivado_Tcl 4-199] Please refer to the DRC report (report_drc) for more information.


Starting Routing Task
INFO: [Route 35-254] Multithreading enabled for route_design using a maximum of 2 CPUs
Checksum: PlaceDB: 31f4efb2 ConstDB: 0 ShapeSum: dc41173d RouteDB: 0

Phase 1 Build RT Design
Phase 1 Build RT Design | Checksum: 1d0b9e132

Time (s): cpu = 00:00:24 ; elapsed = 00:00:21 . Memory (MB): peak = 1581.496 ; gain = 87.574
Post Restoration Checksum: NetGraph: fb5d6100 NumContArr: d55c8032 Constraints: 0 Timing: 0

Phase 2 Router Initialization

Phase 2.1 Create Timer
Phase 2.1 Create Timer | Checksum: 1d0b9e132

Time (s): cpu = 00:00:24 ; elapsed = 00:00:21 . Memory (MB): peak = 1581.496 ; gain = 87.574

Phase 2.2 Fix Topology Constraints
Phase 2.2 Fix Topology Constraints | Checksum: 1d0b9e132

Time (s): cpu = 00:00:24 ; elapsed = 00:00:21 . Memory (MB): peak = 1587.480 ; gain = 93.559

Phase 2.3 Pre Route Cleanup
Phase 2.3 Pre Route Cleanup | Checksum: 1d0b9e132

Time (s): cpu = 00:00:24 ; elapsed = 00:00:21 . Memory (MB): peak = 1587.480 ; gain = 93.559
 Number of Nodes with overlaps = 0

Phase 2.4 Update Timing
Phase 2.4 Update Timing | Checksum: d4a07e15

Time (s): cpu = 00:00:25 ; elapsed = 00:00:21 . Memory (MB): peak = 1591.566 ; gain = 97.645
INFO: [Route 35-416] Intermediate Timing Summary | WNS=0.825  | TNS=0.000  | WHS=-0.115 | THS=-0.619 |

Phase 2 Router Initialization | Checksum: ab785817

Time (s): cpu = 00:00:25 ; elapsed = 00:00:21 . Memory (MB): peak = 1591.566 ; gain = 97.645

Router Utilization Summary
  Global Vertical Routing Utilization    = 0 %
  Global Horizontal Routing Utilization  = 0 %
  Routable Net Status*
  *Does not include unroutable nets such as driverless and loadless.
  Run report_route_status for detailed report.
  Number of Failed Nets               = 570
    (Failed Nets is the sum of unrouted and partially routed nets)
  Number of Unrouted Nets             = 570
  Number of Partially Routed Nets     = 0
  Number of Node Overlaps             = 0


Phase 3 Initial Routing
Phase 3 Initial Routing | Checksum: 12ef9a9fb

Time (s): cpu = 00:00:25 ; elapsed = 00:00:21 . Memory (MB): peak = 1593.199 ; gain = 99.277

Phase 4 Rip-up And Reroute

Phase 4.1 Global Iteration 0
 Number of Nodes with overlaps = 157
 Number of Nodes with overlaps = 55
 Number of Nodes with overlaps = 30
 Number of Nodes with overlaps = 14
 Number of Nodes with overlaps = 8
 Number of Nodes with overlaps = 5
 Number of Nodes with overlaps = 1
 Number of Nodes with overlaps = 0
INFO: [Route 35-416] Intermediate Timing Summary | WNS=0.516  | TNS=0.000  | WHS=N/A    | THS=N/A    |

Phase 4.1 Global Iteration 0 | Checksum: fe67f90d

Time (s): cpu = 00:00:27 ; elapsed = 00:00:23 . Memory (MB): peak = 1593.199 ; gain = 99.277
Phase 4 Rip-up And Reroute | Checksum: fe67f90d

Time (s): cpu = 00:00:27 ; elapsed = 00:00:23 . Memory (MB): peak = 1593.199 ; gain = 99.277

Phase 5 Delay and Skew Optimization

Phase 5.1 Delay CleanUp

Phase 5.1.1 Update Timing
Phase 5.1.1 Update Timing | Checksum: 10405204a

Time (s): cpu = 00:00:27 ; elapsed = 00:00:23 . Memory (MB): peak = 1593.199 ; gain = 99.277
INFO: [Route 35-416] Intermediate Timing Summary | WNS=0.596  | TNS=0.000  | WHS=N/A    | THS=N/A    |

Phase 5.1 Delay CleanUp | Checksum: 10405204a

Time (s): cpu = 00:00:27 ; elapsed = 00:00:23 . Memory (MB): peak = 1593.199 ; gain = 99.277

Phase 5.2 Clock Skew Optimization
Phase 5.2 Clock Skew Optimization | Checksum: 10405204a

Time (s): cpu = 00:00:27 ; elapsed = 00:00:23 . Memory (MB): peak = 1593.199 ; gain = 99.277
Phase 5 Delay and Skew Optimization | Checksum: 10405204a

Time (s): cpu = 00:00:27 ; elapsed = 00:00:23 . Memory (MB): peak = 1593.199 ; gain = 99.277

Phase 6 Post Hold Fix

Phase 6.1 Hold Fix Iter

Phase 6.1.1 Update Timing
Phase 6.1.1 Update Timing | Checksum: d3cdd447

Time (s): cpu = 00:00:27 ; elapsed = 00:00:23 . Memory (MB): peak = 1593.199 ; gain = 99.277
INFO: [Route 35-416] Intermediate Timing Summary | WNS=0.596  | TNS=0.000  | WHS=0.202  | THS=0.000  |

Phase 6.1 Hold Fix Iter | Checksum: b9233550

Time (s): cpu = 00:00:27 ; elapsed = 00:00:23 . Memory (MB): peak = 1593.199 ; gain = 99.277
Phase 6 Post Hold Fix | Checksum: b9233550

Time (s): cpu = 00:00:27 ; elapsed = 00:00:23 . Memory (MB): peak = 1593.199 ; gain = 99.277

Phase 7 Route finalize

Router Utilization Summary
  Global Vertical Routing Utilization    = 0.209918 %
  Global Horizontal Routing Utilization  = 0.218896 %
  Routable Net Status*
  *Does not include unroutable nets such as driverless and loadless.
  Run report_route_status for detailed report.
  Number of Failed Nets               = 0
    (Failed Nets is the sum of unrouted and partially routed nets)
  Number of Unrouted Nets             = 0
  Number of Partially Routed Nets     = 0
  Number of Node Overlaps             = 0

Phase 7 Route finalize | Checksum: 5cd10100

Time (s): cpu = 00:00:27 ; elapsed = 00:00:23 . Memory (MB): peak = 1593.199 ; gain = 99.277

Phase 8 Verifying routed nets

 Verification completed successfully
Phase 8 Verifying routed nets | Checksum: 5cd10100

Time (s): cpu = 00:00:27 ; elapsed = 00:00:23 . Memory (MB): peak = 1595.262 ; gain = 101.340

Phase 9 Depositing Routes
Phase 9 Depositing Routes | Checksum: 731131ec

Time (s): cpu = 00:00:27 ; elapsed = 00:00:23 . Memory (MB): peak = 1595.262 ; gain = 101.340

Phase 10 Post Router Timing
INFO: [Route 35-57] Estimated Timing Summary | WNS=0.596  | TNS=0.000  | WHS=0.202  | THS=0.000  |

INFO: [Route 35-327] The final timing numbers are based on the router estimated timing analysis. For a complete and accurate timing signoff, please run report_timing_summary.
Phase 10 Post Router Timing | Checksum: 731131ec

Time (s): cpu = 00:00:27 ; elapsed = 00:00:23 . Memory (MB): peak = 1595.262 ; gain = 101.340
INFO: [Route 35-16] Router Completed Successfully

Time (s): cpu = 00:00:27 ; elapsed = 00:00:23 . Memory (MB): peak = 1595.262 ; gain = 101.340

Routing Is Done.
INFO: [Common 17-83] Releasing license: Implementation
84 Infos, 0 Warnings, 0 Critical Warnings and 0 Errors encountered.
route_design completed successfully
route_design: Time (s): cpu = 00:00:29 ; elapsed = 00:00:24 . Memory (MB): peak = 1595.262 ; gain = 114.438
INFO: [Timing 38-480] Writing timing data to binary archive.
Writing placer database...
Writing XDEF routing.
Writing XDEF routing logical nets.
Writing XDEF routing special nets.
Write XDEF Complete: Time (s): cpu = 00:00:01 ; elapsed = 00:00:00.133 . Memory (MB): peak = 1605.113 ; gain = 9.852
INFO: [Common 17-1381] The checkpoint 'C:/Users/sqiya/OneDrive/Documents/GitHub/1DFlashQuantumTunneling/theflash/work/vivado/theflash/theflash.runs/impl_1/au_top_0_routed.dcp' has been generated.
INFO: [runtcl-4] Executing : report_drc -file au_top_0_drc_routed.rpt -pb au_top_0_drc_routed.pb -rpx au_top_0_drc_routed.rpx
Command: report_drc -file au_top_0_drc_routed.rpt -pb au_top_0_drc_routed.pb -rpx au_top_0_drc_routed.rpx
INFO: [IP_Flow 19-1839] IP Catalog is up to date.
INFO: [DRC 23-27] Running DRC with 2 threads
INFO: [Coretcl 2-168] The results of DRC are in file C:/Users/sqiya/OneDrive/Documents/GitHub/1DFlashQuantumTunneling/theflash/work/vivado/theflash/theflash.runs/impl_1/au_top_0_drc_routed.rpt.
report_drc completed successfully
INFO: [runtcl-4] Executing : report_methodology -file au_top_0_methodology_drc_routed.rpt -pb au_top_0_methodology_drc_routed.pb -rpx au_top_0_methodology_drc_routed.rpx
Command: report_methodology -file au_top_0_methodology_drc_routed.rpt -pb au_top_0_methodology_drc_routed.pb -rpx au_top_0_methodology_drc_routed.rpx
INFO: [Timing 38-35] Done setting XDC timing constraints.
INFO: [DRC 23-133] Running Methodology with 2 threads
INFO: [Coretcl 2-1520] The results of Report Methodology are in file C:/Users/sqiya/OneDrive/Documents/GitHub/1DFlashQuantumTunneling/theflash/work/vivado/theflash/theflash.runs/impl_1/au_top_0_methodology_drc_routed.rpt.
report_methodology completed successfully
INFO: [runtcl-4] Executing : report_power -file au_top_0_power_routed.rpt -pb au_top_0_power_summary_routed.pb -rpx au_top_0_power_routed.rpx
Command: report_power -file au_top_0_power_routed.rpt -pb au_top_0_power_summary_routed.pb -rpx au_top_0_power_routed.rpx
INFO: [Timing 38-35] Done setting XDC timing constraints.
Running Vector-less Activity Propagation...

Finished Running Vector-less Activity Propagation
96 Infos, 0 Warnings, 0 Critical Warnings and 0 Errors encountered.
report_power completed successfully
INFO: [runtcl-4] Executing : report_route_status -file au_top_0_route_status.rpt -pb au_top_0_route_status.pb
INFO: [runtcl-4] Executing : report_timing_summary -max_paths 10 -file au_top_0_timing_summary_routed.rpt -pb au_top_0_timing_summary_routed.pb -rpx au_top_0_timing_summary_routed.rpx -warn_on_violation 
INFO: [Timing 38-91] UpdateTimingParams: Speed grade: -1, Delay Type: min_max.
INFO: [Timing 38-191] Multithreading enabled for timing update using a maximum of 2 CPUs
INFO: [runtcl-4] Executing : report_incremental_reuse -file au_top_0_incremental_reuse_routed.rpt
INFO: [Vivado_Tcl 4-1062] Incremental flow is disabled. No incremental reuse Info to report.
INFO: [runtcl-4] Executing : report_clock_utilization -file au_top_0_clock_utilization_routed.rpt
INFO: [runtcl-4] Executing : report_bus_skew -warn_on_violation -file au_top_0_bus_skew_routed.rpt -pb au_top_0_bus_skew_routed.pb -rpx au_top_0_bus_skew_routed.rpx
INFO: [Timing 38-91] UpdateTimingParams: Speed grade: -1, Delay Type: min_max.
INFO: [Timing 38-191] Multithreading enabled for timing update using a maximum of 2 CPUs
Command: write_bitstream -force au_top_0.bit -bin_file
Attempting to get a license for feature 'Implementation' and/or device 'xc7a35t'
INFO: [Common 17-349] Got license for feature 'Implementation' and/or device 'xc7a35t'
Running DRC as a precondition to command write_bitstream
INFO: [IP_Flow 19-1839] IP Catalog is up to date.
INFO: [DRC 23-27] Running DRC with 2 threads
INFO: [Vivado 12-3199] DRC finished with 0 Errors
INFO: [Vivado 12-3200] Please refer to the DRC report (report_drc) for more information.
INFO: [Designutils 20-2272] Running write_bitstream with 2 threads.
Loading data files...
Loading site data...
Loading route data...
Processing options...
Creating bitmap...
Creating bitstream...
Bitstream compression saved 14407136 bits.
Writing bitstream ./au_top_0.bit...
Writing bitstream ./au_top_0.bin...
INFO: [Vivado 12-1842] Bitgen Completed Successfully.
INFO: [Project 1-120] WebTalk data collection is mandatory when using a WebPACK part without a full Vivado license. To see the specific WebTalk data collected for your design, open the usage_statistics_webtalk.html or usage_statistics_webtalk.xml file in the implementation directory.
INFO: [Common 17-186] 'C:/Users/sqiya/OneDrive/Documents/GitHub/1DFlashQuantumTunneling/theflash/work/vivado/theflash/theflash.runs/impl_1/usage_statistics_webtalk.xml' has been successfully sent to Xilinx on Tue Nov 17 22:57:49 2020. For additional details about this file, please refer to the WebTalk help file at C:/Xilinx/Vivado/2020.1/doc/webtalk_introduction.html.
INFO: [Common 17-83] Releasing license: Implementation
116 Infos, 0 Warnings, 0 Critical Warnings and 0 Errors encountered.
write_bitstream completed successfully
write_bitstream: Time (s): cpu = 00:00:14 ; elapsed = 00:00:17 . Memory (MB): peak = 2037.781 ; gain = 397.164
INFO: [Common 17-206] Exiting Vivado at Tue Nov 17 22:57:49 2020...
[Tue Nov 17 22:57:55 2020] impl_1 finished
wait_on_run: Time (s): cpu = 00:00:01 ; elapsed = 00:01:31 . Memory (MB): peak = 1017.785 ; gain = 0.000
INFO: [Common 17-206] Exiting Vivado at Tue Nov 17 22:57:55 2020...

Finished building project.
